#
# A fatal error has been detected by the Java Runtime Environment:
#
#  SIGSEGV (0xb) at pc=0x0000000105232c30, pid=56706, tid=18947
#
# JRE version: Java(TM) SE Runtime Environment (8.0_51-b16) (build 1.8.0_51-b16)
# Java VM: Java HotSpot(TM) 64-Bit Server VM (25.51-b03 mixed mode bsd-amd64 compressed oops)
# Problematic frame:
# V  [libjvm.dylib+0x432c30]
#
# Failed to write core dump. Core dumps have been disabled. To enable core dumping, try "ulimit -c unlimited" before starting Java again
#
# If you would like to submit a bug report, please visit:
#   http://bugreport.java.com/bugreport/crash.jsp
#

---------------  T H R E A D  ---------------

Current thread (0x00007fe5ab079000):  JavaThread "JDWP Transport Listener: dt_socket" daemon [_thread_in_vm, id=18947, stack(0x0000700000ec4000,0x0000700000fc4000)]

siginfo: si_signo: 11 (SIGSEGV), si_code: 0 (unknown), si_addr: 0x0000000000000000

Registers:
RAX=0x0000000000000001, RBX=0x0000700000fc3a8b, RCX=0x00000001055fa190, RDX=0x0000700000fc3a8b
RSP=0x0000700000fc39d0, RBP=0x0000700000fc39e0, RSI=0x00007fe5ab079000, RDI=0xd895d3aae57f0002
R8 =0x0000000000000000, R9 =0x00007fe5aad39f20, R10=0x0000000032a78e16, R11=0x00007fe5aad00000
R12=0x00007fe5ab079000, R13=0xd895d3aae57f0002, R14=0xd895d3aae57f0002, R15=0x00007fe5ac002970
RIP=0x0000000105232c30, EFLAGS=0x0000000000010282, ERR=0x0000000000000000
  TRAPNO=0x000000000000000d

Top of Stack: (sp=0x0000700000fc39d0)
0x0000700000fc39d0:   0000700000fc3a8b 0000700000fc3a8b
0x0000700000fc39e0:   0000700000fc3a40 0000000105142f8e
0x0000700000fc39f0:   00007fe5ab079000 0000000000000000
0x0000700000fc3a00:   0000000000000000 0000000000000000
0x0000700000fc3a10:   00007fe5ab079000 00007fe5ab079000
0x0000700000fc3a20:   0000700000fc3a8b 0000700000fc3a90
0x0000700000fc3a30:   d895d3aae57f0002 0000000000000004
0x0000700000fc3a40:   0000700000fc3a60 0000000103cdc780
0x0000700000fc3a50:   0000000000000001 0000700000fc3b08
0x0000700000fc3a60:   0000700000fc3ad0 0000000103cc11f3
0x0000700000fc3a70:   0000700000fc3aa0 00007fe5aad39db0
0x0000700000fc3a80:   0000000500000032 0000000100fc3b08
0x0000700000fc3a90:   0000000000000000 0000000000000000
0x0000700000fc3aa0:   0000000000000000 0000700000fc3c90
0x0000700000fc3ab0:   0000000103ce3e7a 00007fe5ac20d5c0
0x0000700000fc3ac0:   0000700000fc3b08 0000000103cef598
0x0000700000fc3ad0:   0000700000fc3ae0 0000000103cc12ec
0x0000700000fc3ae0:   0000700000fc3d00 0000000103cca898
0x0000700000fc3af0:   0001517b00000013 00000000000f0200
0x0000700000fc3b00:   00007fe5ac209470 00007fe5aad3a45e
0x0000700000fc3b10:   00007fe50000017a 00007fe5aad1adb0
0x0000700000fc3b20:   000000000000012c 0000700000fc3b58
0x0000700000fc3b30:   00007fe5aad1adb0 0000000000000000
0x0000700000fc3b40:   0001517b0000000f 00007fff00004c80
0x0000700000fc3b50:   0000700000fc3b58 e57f000005000000
0x0000700000fc3b60:   0600000008f2d1aa 00003e74696e693c
0x0000700000fc3b70:   0000005629280300 7f00000100000000
0x0000700000fc3b80:   00000000d302ace5 707075537465671f
0x0000700000fc3b90:   6f7250646574726f 7365447974726570
0x0000700000fc3ba0:   73726f7470697263 6a4c292812000000
0x0000700000fc3bb0:   6c6974752f617661 00003b7473694c2f
0x0000700000fc3bc0:   76616a4c29284900 4c2f6c6974752f61 

Instructions: (pc=0x0000000105232c30)
0x0000000105232c10:   40 48 48 85 c0 75 e0 30 c0 0f b6 c0 5d c3 31 c0
0x0000000105232c20:   5d c3 55 48 89 e5 53 48 83 ec 08 48 85 ff 74 24
0x0000000105232c30:   48 8b 1f 48 85 db 74 1c 48 83 fb 37 74 16 48 8b
0x0000000105232c40:   03 48 89 df ff 50 10 84 c0 b8 00 00 00 00 48 0f 

Register to memory mapping:

RAX=0x0000000000000001 is an unknown value
RBX=0x0000700000fc3a8b is pointing into the stack for thread: 0x00007fe5ab079000
RCX=0x00000001055fa190: UseMembar+0 in /Library/Java/JavaVirtualMachines/jdk1.8.0_51.jdk/Contents/Home/jre/lib/server/libjvm.dylib at 0x0000000104e00000
RDX=0x0000700000fc3a8b is pointing into the stack for thread: 0x00007fe5ab079000
RSP=0x0000700000fc39d0 is pointing into the stack for thread: 0x00007fe5ab079000
RBP=0x0000700000fc39e0 is pointing into the stack for thread: 0x00007fe5ab079000
RSI=0x00007fe5ab079000 is a thread
RDI=0xd895d3aae57f0002 is an unknown value
R8 =0x0000000000000000 is an unknown value
R9 =0x00007fe5aad39f20 is an unknown value
R10=0x0000000032a78e16 is an unknown value
R11=0x00007fe5aad00000 is an unknown value
R12=0x00007fe5ab079000 is a thread
R13=0xd895d3aae57f0002 is an unknown value
R14=0xd895d3aae57f0002 is an unknown value
R15=0x00007fe5ac002970 is an unknown value


Stack: [0x0000700000ec4000,0x0000700000fc4000],  sp=0x0000700000fc39d0,  free space=1022k
Native frames: (J=compiled Java code, j=interpreted, Vv=VM code, C=native code)
V  [libjvm.dylib+0x432c30]
V  [libjvm.dylib+0x342f8e]
C  [libjdwp.dylib+0x20780]  isMethodSynthetic+0x63
C  [libjdwp.dylib+0x51f3]  methods1+0x10b
C  [libjdwp.dylib+0x52ec]  methodsWithGeneric+0xe
C  [libjdwp.dylib+0xe898]  debugLoop_run+0x1ce
C  [libjdwp.dylib+0x1f6ba]  attachThread+0x4d
V  [libjvm.dylib+0x383f3c]
V  [libjvm.dylib+0x549a6f]
V  [libjvm.dylib+0x54b160]
V  [libjvm.dylib+0x46e99e]
C  [libsystem_pthread.dylib+0x399d]  _pthread_body+0x83
C  [libsystem_pthread.dylib+0x391a]  _pthread_body+0x0
C  [libsystem_pthread.dylib+0x1351]  thread_start+0xd
C  0x0000000000000000


---------------  P R O C E S S  ---------------

Java Threads: ( => current thread )
  0x00007fe5ad00c800 JavaThread "Service Thread" daemon [_thread_blocked, id=22531, stack(0x00007000015d9000,0x00007000016d9000)]
  0x00007fe5ab801800 JavaThread "C1 CompilerThread3" daemon [_thread_blocked, id=22019, stack(0x00007000014d6000,0x00007000015d6000)]
  0x00007fe5ad808000 JavaThread "C2 CompilerThread2" daemon [_thread_blocked, id=21507, stack(0x00007000013d3000,0x00007000014d3000)]
  0x00007fe5ad807000 JavaThread "C2 CompilerThread1" daemon [_thread_blocked, id=20995, stack(0x00007000012d0000,0x00007000013d0000)]
  0x00007fe5ae800800 JavaThread "C2 CompilerThread0" daemon [_thread_blocked, id=20483, stack(0x00007000011cd000,0x00007000012cd000)]
  0x00007fe5ab07a800 JavaThread "JDWP Command Reader" daemon [_thread_in_native, id=19971, stack(0x00007000010ca000,0x00007000011ca000)]
  0x00007fe5ab079800 JavaThread "JDWP Event Helper Thread" daemon [_thread_blocked, id=19459, stack(0x0000700000fc7000,0x00007000010c7000)]
=>0x00007fe5ab079000 JavaThread "JDWP Transport Listener: dt_socket" daemon [_thread_in_vm, id=18947, stack(0x0000700000ec4000,0x0000700000fc4000)]
  0x00007fe5ad00c000 JavaThread "Signal Dispatcher" daemon [_thread_blocked, id=15887, stack(0x0000700000dc1000,0x0000700000ec1000)]
  0x00007fe5ab063000 JavaThread "Finalizer" daemon [_thread_blocked, id=14339, stack(0x0000700000c3b000,0x0000700000d3b000)]
  0x00007fe5ab062800 JavaThread "Reference Handler" daemon [_thread_blocked, id=13827, stack(0x0000700000b38000,0x0000700000c38000)]
  0x00007fe5ab00b800 JavaThread "main" [_thread_blocked, id=5891, stack(0x000070000011a000,0x000070000021a000)]

Other Threads:
  0x00007fe5ab062000 VMThread [stack: 0x0000700000a35000,0x0000700000b35000] [id=13315]
  0x00007fe5ae831800 WatcherThread [stack: 0x00007000016dc000,0x00007000017dc000] [id=23043]

VM state:not at safepoint (normal execution)

VM Mutex/Monitor currently owned by a thread: None

Heap:
 PSYoungGen      total 76288K, used 22283K [0x00000007aab00000, 0x00000007b0000000, 0x00000007c0000000)
  eden space 65536K, 34% used [0x00000007aab00000,0x00000007ac0c2c08,0x00000007aeb00000)
  from space 10752K, 0% used [0x00000007af580000,0x00000007af580000,0x00000007b0000000)
  to   space 10752K, 0% used [0x00000007aeb00000,0x00000007aeb00000,0x00000007af580000)
 ParOldGen       total 175104K, used 0K [0x0000000780000000, 0x000000078ab00000, 0x00000007aab00000)
  object space 175104K, 0% used [0x0000000780000000,0x0000000780000000,0x000000078ab00000)
 Metaspace       used 7016K, capacity 7204K, committed 7296K, reserved 1056768K
  class space    used 807K, capacity 886K, committed 896K, reserved 1048576K

Card table byte_map: [0x0000000115129000,0x000000011532a000] byte_map_base: 0x0000000111529000

Marking Bits: (ParMarkBitMap*) 0x00000001056c27a0
 Begin Bits: [0x0000000115480000, 0x0000000116480000)
 End Bits:   [0x0000000116480000, 0x0000000117480000)

Polling page: 0x0000000103cbb000

CodeCache: size=245760Kb used=2525Kb max_used=2525Kb free=243234Kb
 bounds [0x0000000105d69000, 0x0000000105fe9000, 0x0000000114d69000]
 total_blobs=859 nmethods=572 adapters=209
 compilation: enabled

Compilation events (10 events):
Event: 0.653 Thread 0x00007fe5ab801800  568       3       java.util.regex.Pattern::unread (11 bytes)
Event: 0.654 Thread 0x00007fe5ab801800 nmethod 568 0x0000000105fd9110 code [0x0000000105fd9260, 0x0000000105fd93b0]
Event: 0.654 Thread 0x00007fe5ab801800  569       3       java.util.regex.Pattern::skip (23 bytes)
Event: 0.654 Thread 0x00007fe5ab801800 nmethod 569 0x0000000105fd9410 code [0x0000000105fd9580, 0x0000000105fd9710]
Event: 0.654 Thread 0x00007fe5ab801800  570       3       java.util.regex.Pattern::closure (477 bytes)
Event: 0.657 Thread 0x00007fe5ab801800 nmethod 570 0x0000000105fd9810 code [0x0000000105fd9e80, 0x0000000105fddec8]
Event: 0.657 Thread 0x00007fe5ab801800  571       3       java.util.regex.ASCII::isDigit (18 bytes)
Event: 0.657 Thread 0x00007fe5ab801800 nmethod 571 0x0000000105fe0910 code [0x0000000105fe0a80, 0x0000000105fe0c30]
Event: 0.657 Thread 0x00007fe5ab801800  572       3       java.util.regex.Pattern$CharProperty::<init> (5 bytes)
Event: 0.658 Thread 0x00007fe5ab801800 nmethod 572 0x0000000105fe0c90 code [0x0000000105fe0e00, 0x0000000105fe1090]

GC Heap History (0 events):
No events

Deoptimization events (2 events):
Event: 0.538 Thread 0x00007fe5ab00b800 Uncommon trap: reason=unstable_if action=reinterpret pc=0x0000000105f42774 method=java.lang.AbstractStringBuilder.append(Ljava/lang/String;)Ljava/lang/AbstractStringBuilder; @ 1
Event: 0.717 Thread 0x00007fe5ab00b800 Uncommon trap: reason=unstable_if action=reinterpret pc=0x0000000105f81f0c method=java.lang.AbstractStringBuilder.append(Ljava/lang/String;)Ljava/lang/AbstractStringBuilder; @ 1

Internal exceptions (10 events):
Event: 0.516 Thread 0x00007fe5ab00b800 Exception <a 'java/lang/ClassNotFoundException': java/lang/ObjectCustomizer> (0x00000007abbeaf50) thrown at [/Users/java_re/workspace/8-2-build-macosx-x86_64/jdk8u51/3951/hotspot/src/share/vm/classfile/systemDictionary.cpp, line 210]
Event: 0.518 Thread 0x00007fe5ab00b800 Exception <a 'java/lang/ArrayIndexOutOfBoundsException'> (0x00000007abbecb18) thrown at [/Users/java_re/workspace/8-2-build-macosx-x86_64/jdk8u51/3951/hotspot/src/share/vm/runtime/sharedRuntime.cpp, line 605]
Event: 0.519 Thread 0x00007fe5ab00b800 Exception <a 'java/lang/ArrayIndexOutOfBoundsException'> (0x00000007abbefad0) thrown at [/Users/java_re/workspace/8-2-build-macosx-x86_64/jdk8u51/3951/hotspot/src/share/vm/runtime/sharedRuntime.cpp, line 605]
Event: 0.520 Thread 0x00007fe5ab00b800 Exception <a 'java/lang/ArrayIndexOutOfBoundsException'> (0x00000007abbf1c70) thrown at [/Users/java_re/workspace/8-2-build-macosx-x86_64/jdk8u51/3951/hotspot/src/share/vm/runtime/sharedRuntime.cpp, line 605]
Event: 0.525 Thread 0x00007fe5ab00b800 Exception <a 'java/lang/ClassNotFoundException': org/apache/log4j/LayoutCustomizer> (0x00000007abc0db80) thrown at [/Users/java_re/workspace/8-2-build-macosx-x86_64/jdk8u51/3951/hotspot/src/share/vm/classfile/systemDictionary.cpp, line 210]
Event: 0.527 Thread 0x00007fe5ab00b800 Exception <a 'java/lang/ClassNotFoundException': org/apache/log4j/PatternLayoutCustomizer> (0x00000007abc406b8) thrown at [/Users/java_re/workspace/8-2-build-macosx-x86_64/jdk8u51/3951/hotspot/src/share/vm/classfile/systemDictionary.cpp, line 210]
Event: 0.538 Thread 0x00007fe5ab00b800 Implicit null exception at 0x0000000105f422f6 to 0x0000000105f4275d
Event: 0.623 Thread 0x00007fe5ab00b800 Exception <a 'java/lang/NoSuchFieldError': method resolution failed> (0x00000007abe93018) thrown at [/Users/java_re/workspace/8-2-build-macosx-x86_64/jdk8u51/3951/hotspot/src/share/vm/prims/methodHandles.cpp, line 1125]
Event: 0.625 Thread 0x00007fe5ab00b800 Exception <a 'java/lang/NoSuchFieldError': method resolution failed> (0x00000007abea1978) thrown at [/Users/java_re/workspace/8-2-build-macosx-x86_64/jdk8u51/3951/hotspot/src/share/vm/prims/methodHandles.cpp, line 1125]
Event: 0.717 Thread 0x00007fe5ab00b800 Implicit null exception at 0x0000000105f81a36 to 0x0000000105f81ef1

Events (10 events):
Event: 9774.968 Executing VM operation: ChangeBreakpoints
Event: 9774.968 Executing VM operation: ChangeBreakpoints done
Event: 9774.986 Executing VM operation: RedefineClasses
Event: 9775.009 Executing VM operation: RedefineClasses done
Event: 9775.010 Executing VM operation: GetOrSetLocal
Event: 9775.010 Executing VM operation: GetOrSetLocal done
Event: 9775.018 Executing VM operation: ChangeBreakpoints
Event: 9775.018 Executing VM operation: ChangeBreakpoints done
Event: 9775.020 Executing VM operation: ChangeBreakpoints
Event: 9775.021 Executing VM operation: ChangeBreakpoints done


Dynamic libraries:
0x0000000003605000 	/System/Library/Frameworks/Cocoa.framework/Versions/A/Cocoa
0x0000000003605000 	/System/Library/Frameworks/Security.framework/Versions/A/Security
0x0000000003605000 	/System/Library/Frameworks/ApplicationServices.framework/Versions/A/ApplicationServices
0x0000000003605000 	/usr/lib/libz.1.dylib
0x0000000003605000 	/usr/lib/libSystem.B.dylib
0x0000000003605000 	/usr/lib/libobjc.A.dylib
0x0000000003605000 	/System/Library/Frameworks/CoreFoundation.framework/Versions/A/CoreFoundation
0x0000000003605000 	/System/Library/Frameworks/Foundation.framework/Versions/C/Foundation
0x0000000003605000 	/System/Library/Frameworks/AppKit.framework/Versions/C/AppKit
0x0000000003605000 	/System/Library/Frameworks/CoreData.framework/Versions/A/CoreData
0x0000000003605000 	/System/Library/PrivateFrameworks/RemoteViewServices.framework/Versions/A/RemoteViewServices
0x0000000003605000 	/System/Library/PrivateFrameworks/UIFoundation.framework/Versions/A/UIFoundation
0x0000000003605000 	/usr/lib/libScreenReader.dylib
0x0000000003605000 	/System/Library/Frameworks/Accelerate.framework/Versions/A/Accelerate
0x0000000003605000 	/System/Library/Frameworks/IOSurface.framework/Versions/A/IOSurface
0x0000000003605000 	/System/Library/Frameworks/AudioToolbox.framework/Versions/A/AudioToolbox
0x0000000003605000 	/System/Library/Frameworks/AudioUnit.framework/Versions/A/AudioUnit
0x0000000003605000 	/System/Library/PrivateFrameworks/DataDetectorsCore.framework/Versions/A/DataDetectorsCore
0x0000000003605000 	/System/Library/PrivateFrameworks/DesktopServicesPriv.framework/Versions/A/DesktopServicesPriv
0x0000000003605000 	/System/Library/Frameworks/Carbon.framework/Versions/A/Frameworks/HIToolbox.framework/Versions/A/HIToolbox
0x0000000003605000 	/System/Library/Frameworks/QuartzCore.framework/Versions/A/QuartzCore
0x0000000003605000 	/System/Library/Frameworks/Carbon.framework/Versions/A/Frameworks/SpeechRecognition.framework/Versions/A/SpeechRecognition
0x0000000003605000 	/usr/lib/libauto.dylib
0x0000000003605000 	/usr/lib/libicucore.A.dylib
0x0000000003605000 	/usr/lib/libxml2.2.dylib
0x0000000003605000 	/System/Library/PrivateFrameworks/CoreUI.framework/Versions/A/CoreUI
0x0000000003605000 	/System/Library/Frameworks/CoreAudio.framework/Versions/A/CoreAudio
0x0000000003605000 	/System/Library/Frameworks/DiskArbitration.framework/Versions/A/DiskArbitration
0x0000000003605000 	/usr/lib/liblangid.dylib
0x0000000003605000 	/System/Library/PrivateFrameworks/MultitouchSupport.framework/Versions/A/MultitouchSupport
0x0000000003605000 	/System/Library/Frameworks/IOKit.framework/Versions/A/IOKit
0x0000000003605000 	/usr/lib/libDiagnosticMessagesClient.dylib
0x0000000003605000 	/System/Library/Frameworks/CoreServices.framework/Versions/A/CoreServices
0x0000000003605000 	/System/Library/PrivateFrameworks/PerformanceAnalysis.framework/Versions/A/PerformanceAnalysis
0x0000000003605000 	/System/Library/PrivateFrameworks/GenerationalStorage.framework/Versions/A/GenerationalStorage
0x0000000003605000 	/System/Library/Frameworks/OpenGL.framework/Versions/A/OpenGL
0x0000000003605000 	/System/Library/PrivateFrameworks/Sharing.framework/Versions/A/Sharing
0x0000000003605000 	/System/Library/Frameworks/CoreGraphics.framework/Versions/A/CoreGraphics
0x0000000003605000 	/System/Library/Frameworks/CoreImage.framework/Versions/A/CoreImage
0x0000000003605000 	/System/Library/Frameworks/CoreText.framework/Versions/A/CoreText
0x0000000003605000 	/System/Library/Frameworks/ImageIO.framework/Versions/A/ImageIO
0x0000000003605000 	/System/Library/PrivateFrameworks/Backup.framework/Versions/A/Backup
0x0000000003605000 	/usr/lib/libextension.dylib
0x0000000003605000 	/usr/lib/libarchive.2.dylib
0x0000000003605000 	/System/Library/Frameworks/CFNetwork.framework/Versions/A/CFNetwork
0x0000000003605000 	/System/Library/Frameworks/SystemConfiguration.framework/Versions/A/SystemConfiguration
0x0000000003605000 	/usr/lib/libCRFSuite.dylib
0x0000000003605000 	/usr/lib/libc++.1.dylib
0x0000000003605000 	/usr/lib/libc++abi.dylib
0x0000000003605000 	/usr/lib/system/libcache.dylib
0x0000000003605000 	/usr/lib/system/libcommonCrypto.dylib
0x0000000003605000 	/usr/lib/system/libcompiler_rt.dylib
0x0000000003605000 	/usr/lib/system/libcopyfile.dylib
0x0000000003605000 	/usr/lib/system/libcorecrypto.dylib
0x0000000003605000 	/usr/lib/system/libdispatch.dylib
0x0000000003605000 	/usr/lib/system/libdyld.dylib
0x0000000003605000 	/usr/lib/system/libkeymgr.dylib
0x0000000003605000 	/usr/lib/system/liblaunch.dylib
0x0000000003605000 	/usr/lib/system/libmacho.dylib
0x0000000003605000 	/usr/lib/system/libquarantine.dylib
0x0000000003605000 	/usr/lib/system/libremovefile.dylib
0x0000000003605000 	/usr/lib/system/libsystem_asl.dylib
0x0000000003605000 	/usr/lib/system/libsystem_blocks.dylib
0x0000000003605000 	/usr/lib/system/libsystem_c.dylib
0x0000000003605000 	/usr/lib/system/libsystem_configuration.dylib
0x0000000003605000 	/usr/lib/system/libsystem_coreservices.dylib
0x0000000003605000 	/usr/lib/system/libsystem_coretls.dylib
0x0000000003605000 	/usr/lib/system/libsystem_dnssd.dylib
0x0000000003605000 	/usr/lib/system/libsystem_info.dylib
0x0000000003605000 	/usr/lib/system/libsystem_kernel.dylib
0x0000000003605000 	/usr/lib/system/libsystem_m.dylib
0x0000000003605000 	/usr/lib/system/libsystem_malloc.dylib
0x0000000003605000 	/usr/lib/system/libsystem_network.dylib
0x0000000003605000 	/usr/lib/system/libsystem_networkextension.dylib
0x0000000003605000 	/usr/lib/system/libsystem_notify.dylib
0x0000000003605000 	/usr/lib/system/libsystem_platform.dylib
0x0000000003605000 	/usr/lib/system/libsystem_pthread.dylib
0x0000000003605000 	/usr/lib/system/libsystem_sandbox.dylib
0x0000000003605000 	/usr/lib/system/libsystem_secinit.dylib
0x0000000003605000 	/usr/lib/system/libsystem_trace.dylib
0x0000000003605000 	/usr/lib/system/libunc.dylib
0x0000000003605000 	/usr/lib/system/libunwind.dylib
0x0000000003605000 	/usr/lib/system/libxpc.dylib
0x0000000003605000 	/usr/lib/libenergytrace.dylib
0x0000000003605000 	/usr/lib/libbsm.0.dylib
0x0000000003605000 	/usr/lib/system/libkxld.dylib
0x0000000003605000 	/usr/lib/libxar.1.dylib
0x0000000003605000 	/usr/lib/libsqlite3.dylib
0x0000000003605000 	/usr/lib/libpam.2.dylib
0x0000000003605000 	/usr/lib/libOpenScriptingUtil.dylib
0x0000000003605000 	/usr/lib/libbz2.1.0.dylib
0x0000000003605000 	/usr/lib/liblzma.5.dylib
0x0000000003605000 	/System/Library/Frameworks/CoreServices.framework/Versions/A/Frameworks/FSEvents.framework/Versions/A/FSEvents
0x0000000003605000 	/System/Library/Frameworks/CoreServices.framework/Versions/A/Frameworks/CarbonCore.framework/Versions/A/CarbonCore
0x0000000003605000 	/System/Library/Frameworks/CoreServices.framework/Versions/A/Frameworks/Metadata.framework/Versions/A/Metadata
0x0000000003605000 	/System/Library/Frameworks/CoreServices.framework/Versions/A/Frameworks/OSServices.framework/Versions/A/OSServices
0x0000000003605000 	/System/Library/Frameworks/CoreServices.framework/Versions/A/Frameworks/SearchKit.framework/Versions/A/SearchKit
0x0000000003605000 	/System/Library/Frameworks/CoreServices.framework/Versions/A/Frameworks/AE.framework/Versions/A/AE
0x0000000003605000 	/System/Library/Frameworks/CoreServices.framework/Versions/A/Frameworks/LaunchServices.framework/Versions/A/LaunchServices
0x0000000003605000 	/System/Library/Frameworks/CoreServices.framework/Versions/A/Frameworks/DictionaryServices.framework/Versions/A/DictionaryServices
0x0000000003605000 	/System/Library/Frameworks/CoreServices.framework/Versions/A/Frameworks/SharedFileList.framework/Versions/A/SharedFileList
0x0000000003605000 	/System/Library/Frameworks/NetFS.framework/Versions/A/NetFS
0x0000000003605000 	/System/Library/PrivateFrameworks/NetAuth.framework/Versions/A/NetAuth
0x0000000003605000 	/System/Library/PrivateFrameworks/login.framework/Versions/A/Frameworks/loginsupport.framework/Versions/A/loginsupport
0x0000000003605000 	/System/Library/PrivateFrameworks/TCC.framework/Versions/A/TCC
0x0000000003605000 	/usr/lib/libmecabra.dylib
0x0000000003605000 	/System/Library/Frameworks/ApplicationServices.framework/Versions/A/Frameworks/ATS.framework/Versions/A/ATS
0x0000000003605000 	/System/Library/Frameworks/ApplicationServices.framework/Versions/A/Frameworks/ColorSync.framework/Versions/A/ColorSync
0x0000000003605000 	/System/Library/Frameworks/ApplicationServices.framework/Versions/A/Frameworks/HIServices.framework/Versions/A/HIServices
0x0000000003605000 	/System/Library/Frameworks/ApplicationServices.framework/Versions/A/Frameworks/LangAnalysis.framework/Versions/A/LangAnalysis
0x0000000003605000 	/System/Library/Frameworks/ApplicationServices.framework/Versions/A/Frameworks/PrintCore.framework/Versions/A/PrintCore
0x0000000003605000 	/System/Library/Frameworks/ApplicationServices.framework/Versions/A/Frameworks/QD.framework/Versions/A/QD
0x0000000003605000 	/System/Library/Frameworks/ApplicationServices.framework/Versions/A/Frameworks/SpeechSynthesis.framework/Versions/A/SpeechSynthesis
0x0000000003605000 	/System/Library/Frameworks/Metal.framework/Versions/A/Metal
0x0000000003605000 	/System/Library/Frameworks/Accelerate.framework/Versions/A/Frameworks/vImage.framework/Versions/A/vImage
0x0000000003605000 	/System/Library/Frameworks/Accelerate.framework/Versions/A/Frameworks/vecLib.framework/Versions/A/vecLib
0x0000000003605000 	/System/Library/Frameworks/Accelerate.framework/Versions/A/Frameworks/vecLib.framework/Versions/A/libvDSP.dylib
0x0000000003605000 	/System/Library/Frameworks/Accelerate.framework/Versions/A/Frameworks/vecLib.framework/Versions/A/libvMisc.dylib
0x0000000003605000 	/System/Library/Frameworks/Accelerate.framework/Versions/A/Frameworks/vecLib.framework/Versions/A/libLAPACK.dylib
0x0000000003605000 	/System/Library/Frameworks/Accelerate.framework/Versions/A/Frameworks/vecLib.framework/Versions/A/libBLAS.dylib
0x0000000003605000 	/System/Library/Frameworks/Accelerate.framework/Versions/A/Frameworks/vecLib.framework/Versions/A/libLinearAlgebra.dylib
0x0000000003605000 	/System/Library/Frameworks/Accelerate.framework/Versions/A/Frameworks/vecLib.framework/Versions/A/libSparseBLAS.dylib
0x0000000003605000 	/System/Library/PrivateFrameworks/GPUCompiler.framework/libmetal_timestamp.dylib
0x0000000003605000 	/System/Library/Frameworks/OpenGL.framework/Versions/A/Libraries/libCoreFSCache.dylib
0x0000000003605000 	/System/Library/PrivateFrameworks/IOAccelerator.framework/Versions/A/IOAccelerator
0x0000000003605000 	/System/Library/Frameworks/ApplicationServices.framework/Versions/A/Frameworks/ATS.framework/Versions/A/Resources/libFontParser.dylib
0x0000000003605000 	/System/Library/Frameworks/ApplicationServices.framework/Versions/A/Frameworks/ATS.framework/Versions/A/Resources/libFontRegistry.dylib
0x0000000003605000 	/System/Library/PrivateFrameworks/AppleVPA.framework/Versions/A/AppleVPA
0x0000000003605000 	/System/Library/PrivateFrameworks/AppleJPEG.framework/Versions/A/AppleJPEG
0x0000000003605000 	/System/Library/Frameworks/ImageIO.framework/Versions/A/Resources/libJPEG.dylib
0x0000000003605000 	/System/Library/Frameworks/ImageIO.framework/Versions/A/Resources/libTIFF.dylib
0x0000000003605000 	/System/Library/Frameworks/ImageIO.framework/Versions/A/Resources/libPng.dylib
0x0000000003605000 	/System/Library/Frameworks/ImageIO.framework/Versions/A/Resources/libGIF.dylib
0x0000000003605000 	/System/Library/Frameworks/ImageIO.framework/Versions/A/Resources/libJP2.dylib
0x0000000003605000 	/System/Library/Frameworks/ImageIO.framework/Versions/A/Resources/libRadiance.dylib
0x0000000003605000 	/System/Library/Frameworks/CoreVideo.framework/Versions/A/CoreVideo
0x0000000003605000 	/System/Library/Frameworks/OpenGL.framework/Versions/A/Libraries/libGLU.dylib
0x0000000003605000 	/System/Library/Frameworks/OpenGL.framework/Versions/A/Libraries/libGFXShared.dylib
0x0000000003605000 	/System/Library/Frameworks/OpenGL.framework/Versions/A/Libraries/libGL.dylib
0x0000000003605000 	/System/Library/Frameworks/OpenGL.framework/Versions/A/Libraries/libGLImage.dylib
0x0000000003605000 	/System/Library/Frameworks/OpenGL.framework/Versions/A/Libraries/libCVMSPluginSupport.dylib
0x0000000003605000 	/System/Library/Frameworks/OpenGL.framework/Versions/A/Libraries/libCoreVMClient.dylib
0x0000000003605000 	/usr/lib/libcups.2.dylib
0x0000000003605000 	/System/Library/Frameworks/Kerberos.framework/Versions/A/Kerberos
0x0000000003605000 	/System/Library/Frameworks/GSS.framework/Versions/A/GSS
0x0000000003605000 	/usr/lib/libresolv.9.dylib
0x0000000003605000 	/usr/lib/libiconv.2.dylib
0x0000000003605000 	/System/Library/PrivateFrameworks/Heimdal.framework/Versions/A/Heimdal
0x0000000003605000 	/usr/lib/libheimdal-asn1.dylib
0x0000000003605000 	/System/Library/Frameworks/OpenDirectory.framework/Versions/A/OpenDirectory
0x0000000003605000 	/System/Library/PrivateFrameworks/CommonAuth.framework/Versions/A/CommonAuth
0x0000000003605000 	/System/Library/Frameworks/OpenDirectory.framework/Versions/A/Frameworks/CFOpenDirectory.framework/Versions/A/CFOpenDirectory
0x0000000003605000 	/System/Library/Frameworks/SecurityFoundation.framework/Versions/A/SecurityFoundation
0x0000000003605000 	/System/Library/PrivateFrameworks/LanguageModeling.framework/Versions/A/LanguageModeling
0x0000000003605000 	/usr/lib/libmarisa.dylib
0x0000000003605000 	/usr/lib/libChineseTokenizer.dylib
0x0000000003605000 	/usr/lib/libcmph.dylib
0x0000000003605000 	/usr/lib/libcompression.dylib
0x0000000003605000 	/System/Library/Frameworks/ServiceManagement.framework/Versions/A/ServiceManagement
0x0000000003605000 	/usr/lib/libxslt.1.dylib
0x0000000003605000 	/System/Library/Frameworks/Carbon.framework/Versions/A/Frameworks/Ink.framework/Versions/A/Ink
0x0000000003605000 	/usr/lib/libFosl_dynamic.dylib
0x0000000003605000 	/System/Library/PrivateFrameworks/FaceCore.framework/Versions/A/FaceCore
0x0000000003605000 	/System/Library/Frameworks/OpenCL.framework/Versions/A/OpenCL
0x0000000003605000 	/System/Library/PrivateFrameworks/CrashReporterSupport.framework/Versions/A/CrashReporterSupport
0x0000000003605000 	/System/Library/PrivateFrameworks/IconServices.framework/Versions/A/IconServices
0x0000000003605000 	/System/Library/PrivateFrameworks/Apple80211.framework/Versions/A/Apple80211
0x0000000003605000 	/System/Library/Frameworks/CoreWLAN.framework/Versions/A/CoreWLAN
0x0000000003605000 	/System/Library/Frameworks/IOBluetooth.framework/Versions/A/IOBluetooth
0x0000000003605000 	/System/Library/PrivateFrameworks/CoreWiFi.framework/Versions/A/CoreWiFi
0x0000000003605000 	/System/Library/Frameworks/CoreBluetooth.framework/Versions/A/CoreBluetooth
0x0000000003605000 	/System/Library/PrivateFrameworks/ChunkingLibrary.framework/Versions/A/ChunkingLibrary
0x0000000003605000 	/System/Library/PrivateFrameworks/DebugSymbols.framework/Versions/A/DebugSymbols
0x0000000003605000 	/System/Library/PrivateFrameworks/CoreSymbolication.framework/Versions/A/CoreSymbolication
0x0000000003605000 	/System/Library/PrivateFrameworks/Symbolication.framework/Versions/A/Symbolication
0x0000000003605000 	/System/Library/PrivateFrameworks/SpeechRecognitionCore.framework/Versions/A/SpeechRecognitionCore
0x0000000104e00000 	/Library/Java/JavaVirtualMachines/jdk1.8.0_51.jdk/Contents/Home/jre/lib/server/libjvm.dylib
0x0000000003605000 	/usr/lib/libstdc++.6.dylib
0x0000000103c78000 	/Library/Java/JavaVirtualMachines/jdk1.8.0_51.jdk/Contents/Home/jre/lib/libverify.dylib
0x0000000103c86000 	/Library/Java/JavaVirtualMachines/jdk1.8.0_51.jdk/Contents/Home/jre/lib/libjava.dylib
0x0000000103cbc000 	/Library/Java/JavaVirtualMachines/jdk1.8.0_51.jdk/Contents/Home/jre/lib/libjdwp.dylib
0x0000000103d07000 	/Library/Java/JavaVirtualMachines/jdk1.8.0_51.jdk/Contents/Home/jre/lib/libnpt.dylib
0x0000000103d14000 	/Library/Java/JavaVirtualMachines/jdk1.8.0_51.jdk/Contents/Home/jre/lib/libzip.dylib
0x0000000119d0c000 	/System/Library/Frameworks/JavaVM.framework/Frameworks/JavaRuntimeSupport.framework/JavaRuntimeSupport
0x0000000119d27000 	/System/Library/Frameworks/JavaVM.framework/Versions/A/Frameworks/JavaNativeFoundation.framework/Versions/A/JavaNativeFoundation
0x0000000119d3c000 	/System/Library/Frameworks/JavaVM.framework/Versions/A/JavaVM
0x0000000003605000 	/System/Library/Frameworks/Carbon.framework/Versions/A/Carbon
0x0000000119d49000 	/System/Library/PrivateFrameworks/JavaLaunching.framework/Versions/A/JavaLaunching
0x0000000003605000 	/System/Library/Frameworks/Carbon.framework/Versions/A/Frameworks/CommonPanels.framework/Versions/A/CommonPanels
0x0000000003605000 	/System/Library/Frameworks/Carbon.framework/Versions/A/Frameworks/Help.framework/Versions/A/Help
0x0000000003605000 	/System/Library/Frameworks/Carbon.framework/Versions/A/Frameworks/ImageCapture.framework/Versions/A/ImageCapture
0x0000000003605000 	/System/Library/Frameworks/Carbon.framework/Versions/A/Frameworks/OpenScripting.framework/Versions/A/OpenScripting
0x0000000003605000 	/System/Library/Frameworks/Carbon.framework/Versions/A/Frameworks/Print.framework/Versions/A/Print
0x0000000003605000 	/System/Library/Frameworks/Carbon.framework/Versions/A/Frameworks/SecurityHI.framework/Versions/A/SecurityHI
0x0000000103df7000 	/Library/Java/JavaVirtualMachines/jdk1.8.0_51.jdk/Contents/Home/jre/lib/libdt_socket.dylib

VM Arguments:
jvm_args: -agentlib:jdwp=transport=dt_socket,address=127.0.0.1:62399,suspend=y,server=n -ea -Xmx1G -Djava.net.preferIPv4Stack=true -Didea.junit.sm_runner -Dfile.encoding=UTF-8 
java_command: com.intellij.rt.execution.junit.JUnitStarter -ideVersion5 com.hurence.logisland.processor.parser.SplitTextTest,testUsrBackend
java_class_path (initial): /Applications/IntelliJ IDEA 15 CE.app/Contents/lib/idea_rt.jar:/Applications/IntelliJ IDEA 15 CE.app/Contents/plugins/junit/lib/junit-rt.jar:/Library/Java/JavaVirtualMachines/jdk1.8.0_51.jdk/Contents/Home/lib/dt.jar:/Library/Java/JavaVirtualMachines/jdk1.8.0_51.jdk/Contents/Home/lib/javafx-mx.jar:/Library/Java/JavaVirtualMachines/jdk1.8.0_51.jdk/Contents/Home/lib/jconsole.jar:/Library/Java/JavaVirtualMachines/jdk1.8.0_51.jdk/Contents/Home/lib/packager.jar:/Library/Java/JavaVirtualMachines/jdk1.8.0_51.jdk/Contents/Home/lib/sa-jdi.jar:/Library/Java/JavaVirtualMachines/jdk1.8.0_51.jdk/Contents/Home/lib/tools.jar:/Library/Java/JavaVirtualMachines/jdk1.8.0_51.jdk/Contents/Home/jre/lib/charsets.jar:/Library/Java/JavaVirtualMachines/jdk1.8.0_51.jdk/Contents/Home/jre/lib/deploy.jar:/Library/Java/JavaVirtualMachines/jdk1.8.0_51.jdk/Contents/Home/jre/lib/javaws.jar:/Library/Java/JavaVirtualMachines/jdk1.8.0_51.jdk/Contents/Home/jre/lib/jce.jar:/Library/Java/JavaVirtualMachines/jdk1.8.0_51.jdk/Contents/Home/jre/lib/jfr.jar:/Library/Java/JavaVirtualMachines/jdk1.8.0_51.jdk/Contents/Home/jre/lib/jfxswt.jar:/Library/Java/JavaVirtualMachines/jdk1.8.0_51.jdk/Contents/Home/jre/lib/jsse.jar:/Library/Java/JavaVirtualMachines/jdk1.8.0_51.jdk/Contents/Home/jre/lib/management-agent.jar:/Library/Java/JavaVirtualMachines/jdk1.8.0_51.jdk/Contents/Home/jre/lib/plugin.jar:/Library/Java/JavaVirtualMachines/jdk1.8.0_51.jdk/Contents/Home/jre/lib/resources.jar:/Library/Java/JavaVirtualMachines/jdk1.8.0_51.jdk/Contents/Home/jre/lib/rt.jar:/Library/Java/JavaVirtualMachines/jdk1.8.0_51.jdk/Contents/Home/jre/lib/ext/cldrdata.jar:/Library/Java/JavaVirtualMachines/jdk1.8.0_51.jdk/Contents/Home/jre/lib/ext/dnsns.jar:/Library/Java/JavaVirtualMachines/jdk1.8.0_51.jdk/Contents/Home/jre/lib/ext/jfxrt.jar:/Library/Java/JavaVirtualMachines/jdk1.8.0_51.jdk/Contents/Home/jre/lib/ext/localedata.jar:/Library/Java/JavaVirtualMachines/jdk1.8.0_51.jdk/Contents/Home/jre/lib/ext/nashorn.ja
Launcher Type: SUN_STANDARD

Environment Variables:
JAVA_HOME=/Library/Java/JavaVirtualMachines/jdk1.8.0_51.jdk/Contents/Home
PATH=/Users/tom/Documents/tools/apache-maven-3.3.9/bin:/Users/tom/.rbenv/shims:/Users/tom/.rbenv/bin:/usr/local/sbin:/usr/local/bin:/usr/bin:/bin:/usr/sbin:/sbin:/usr/local/bin:/opt/X11/bin:/usr/local/go/bin:/usr/local/MacGPG2/bin:/Library/TeX/texbin:/Users/tom/Documents/tools/scala-2.10.4/bin
SHELL=/bin/bash
DISPLAY=/private/tmp/com.apple.launchd.h4i41aEDXp/org.macosforge.xquartz:0

Signal Handlers:
SIGSEGV: [libjvm.dylib+0x58ef35], sa_mask[0]=11111111011111110111111111111111, sa_flags=SA_ONSTACK|SA_RESTART|SA_SIGINFO
SIGBUS: [libjvm.dylib+0x58ef35], sa_mask[0]=11111111011111110111111111111111, sa_flags=SA_RESTART|SA_SIGINFO
SIGFPE: [libjvm.dylib+0x46c028], sa_mask[0]=11111111011111110111111111111111, sa_flags=SA_RESTART|SA_SIGINFO
SIGPIPE: [libjvm.dylib+0x46c028], sa_mask[0]=11111111011111110111111111111111, sa_flags=SA_RESTART|SA_SIGINFO
SIGXFSZ: [libjvm.dylib+0x46c028], sa_mask[0]=11111111011111110111111111111111, sa_flags=SA_RESTART|SA_SIGINFO
SIGILL: [libjvm.dylib+0x46c028], sa_mask[0]=11111111011111110111111111111111, sa_flags=SA_RESTART|SA_SIGINFO
SIGUSR1: SIG_DFL, sa_mask[0]=00000000000000000000000000000000, sa_flags=none
SIGUSR2: [libjvm.dylib+0x46bb46], sa_mask[0]=00100000000000000000000000000000, sa_flags=SA_RESTART|SA_SIGINFO
SIGHUP: [libjvm.dylib+0x46a119], sa_mask[0]=11111111011111110111111111111111, sa_flags=SA_RESTART|SA_SIGINFO
SIGINT: [libjvm.dylib+0x46a119], sa_mask[0]=11111111011111110111111111111111, sa_flags=SA_RESTART|SA_SIGINFO
SIGTERM: [libjvm.dylib+0x46a119], sa_mask[0]=11111111011111110111111111111111, sa_flags=SA_RESTART|SA_SIGINFO
SIGQUIT: [libjvm.dylib+0x46a119], sa_mask[0]=11111111011111110111111111111111, sa_flags=SA_RESTART|SA_SIGINFO


---------------  S Y S T E M  ---------------

OS:Bsduname:Darwin 15.4.0 Darwin Kernel Version 15.4.0: Fri Feb 26 22:08:05 PST 2016; root:xnu-3248.40.184~3/RELEASE_X86_64 x86_64
rlimit: STACK 8192k, CORE 0k, NPROC 709, NOFILE 10240, AS infinity
load average:4.96 5.60 5.13

CPU:total 8 (4 cores per cpu, 2 threads per core) family 6 model 70 stepping 1, cmov, cx8, fxsr, mmx, sse, sse2, sse3, ssse3, sse4.1, sse4.2, popcnt, avx, avx2, aes, clmul, erms, rtm, lzcnt, ht, tsc, tscinvbit, bmi1, bmi2

Memory: 4k page, physical 16777216k(3827004k free)

/proc/meminfo:


vm_info: Java HotSpot(TM) 64-Bit Server VM (25.51-b03) for bsd-amd64 JRE (1.8.0_51-b16), built on Jun  8 2015 18:01:11 by "java_re" with gcc 4.2.1 (Based on Apple Inc. build 5658) (LLVM build 2336.11.00)

time: Fri Aug  5 11:05:20 2016
elapsed time: 9775 seconds (0d 2h 42m 55s)

